Oct 14 10:18:34 host=mail tls=off auth=off from=postmaster@example.jp recipients=root@exmaple.com mailsize=432 smtpstatus=250 smtpmsg='250 Message accepted' exitcode=EX_OK
Oct 15 13:05:30 host=mail tls=off auth=off from=postmaster@example.jp recipients=root@example.jp mailsize=390 smtpstatus=250 smtpmsg='250 Message accepted' exitcode=EX_OK
Oct 15 13:06:57 host=mail tls=off auth=off from=postmaster@example.jp recipients=root@example.jp mailsize=392 smtpstatus=250 smtpmsg='250 Message accepted' exitcode=EX_OK
Oct 15 13:09:30 host=mail tls=off auth=off from=postmaster@example.jp recipients=root@example.jp mailsize=398 smtpstatus=250 smtpmsg='250 Message accepted' exitcode=EX_OK
Oct 15 14:28:38 host=mail tls=off auth=off from=postmaster@example.jp recipients=root@example.jp mailsize=424 smtpstatus=250 smtpmsg='250 Message accepted' exitcode=EX_OK
Oct 16 10:39:45 host=mail tls=off auth=off from=postmaster@example.jp recipients=root@example.jp mailsize=418 smtpstatus=250 smtpmsg='250 Message accepted' exitcode=EX_OK
Oct 16 13:08:09 host=mail tls=off auth=off from=postmaster@example.jp recipients=root@example.jp mailsize=404 smtpstatus=250 smtpmsg='250 Message accepted' exitcode=EX_OK
Oct 16 13:21:20 host=mail tls=off auth=off from=postmaster@example.jp recipients=mailtest@test.com mailsize=389 smtpstatus=250 smtpmsg='250 Message accepted' exitcode=EX_OK
Oct 16 13:24:46 host=mail tls=off auth=off from=postmaster@example.jp recipients=Mail@exmaple.jp mailsize=406 smtpstatus=250 smtpmsg='250 Message accepted' exitcode=EX_OK
Oct 16 13:30:27 host=mail tls=off auth=off from=postmaster@example.jp recipients=mail_test@example.jp mailsize=462 smtpstatus=250 smtpmsg='250 Message accepted' exitcode=EX_OK
Oct 16 13:59:05 host=mail tls=off auth=off from=postmaster@example.jp recipients=mail@test.com mailsize=388 smtpstatus=250 smtpmsg='250 Message accepted' exitcode=EX_OK
Oct 16 15:13:07 host=mail tls=off auth=off from=postmaster@example.jp recipients=root@example.jp mailsize=109 smtpstatus=250 smtpmsg='250 Message accepted' exitcode=EX_OK
Oct 17 13:19:25 host=mail tls=off auth=off from=postmaster@example.jp recipients=OS,Injection,TEST,echo,root@example.jp,Sender@example.jp,# mailsize=563 smtpstatus=250 smtpmsg='250 Message accepted' exitcode=EX_OK
Oct 17 13:38:28 host=mail tls=off auth=off from=postmaster@example.jp recipients=root@exmaple.jp mailsize=364828 smtpstatus=250 smtpmsg='250 Message accepted' exitcode=EX_OK
Oct 17 13:45:02 host=mail tls=off auth=off from=postmaster@example.jp recipients=root@example.jp mailsize=1151 smtpstatus=250 smtpmsg='250 Message accepted' exitcode=EX_OK
Oct 17 13:45:54 host=mail tls=off auth=off from=postmaster@example.jp recipients=root@example.jp mailsize=1391 smtpstatus=250 smtpmsg='250 Message accepted' exitcode=EX_OK
Oct 17 13:46:56 host=mail tls=off auth=off from=postmaster@example.jp recipients=root@example.jp mailsize=1391 smtpstatus=250 smtpmsg='250 Message accepted' exitcode=EX_OK
Oct 17 13:51:23 host=mail tls=off auth=off from=postmaster@example.jp recipients=root@example.jp mailsize=1391 smtpstatus=250 smtpmsg='250 Message accepted' exitcode=EX_OK
Oct 17 13:57:09 host=mail tls=off auth=off from=postmaster@example.jp recipients=root@example.jp mailsize=1391 smtpstatus=250 smtpmsg='250 Message accepted' exitcode=EX_OK
Oct 17 13:57:56 host=mail tls=off auth=off from=postmaster@example.jp recipients=root@example.jp mailsize=1391 smtpstatus=250 smtpmsg='250 Message accepted' exitcode=EX_OK
Oct 17 14:00:21 host=mail tls=off auth=off from=postmaster@example.jp recipients=root@example.jp mailsize=66 smtpstatus=250 smtpmsg='250 Message accepted' exitcode=EX_OK
Oct 17 14:01:11 host=mail tls=off auth=off from=postmaster@example.jp recipients=root@example.jp mailsize=66 smtpstatus=250 smtpmsg='250 Message accepted' exitcode=EX_OK
Oct 17 14:04:56 host=mail tls=off auth=off from=postmaster@example.jp recipients=root@exmple.jp mailsize=447 smtpstatus=250 smtpmsg='250 Message accepted' exitcode=EX_OK
Oct 17 14:27:52 host=mail tls=off auth=off from=postmaster@example.jp recipients=root@example.jp mailsize=1391 smtpstatus=250 smtpmsg='250 Message accepted' exitcode=EX_OK
Oct 17 14:44:40 host=mail tls=off auth=off from=postmaster@example.jp recipients=root@example.jp mailsize=66 smtpstatus=250 smtpmsg='250 Message accepted' exitcode=EX_OK
Oct 17 14:46:10 host=mail tls=off auth=off from=postmaster@example.jp recipients=root@example.jp mailsize=66 smtpstatus=250 smtpmsg='250 Message accepted' exitcode=EX_OK
Oct 28 13:02:09 host=mail tls=off auth=off from=postmaster@example.jp recipients=afa mailsize=427 smtpstatus=250 smtpmsg='250 Message accepted' exitcode=EX_OK
Oct 28 13:04:24 host=mail tls=off auth=off from=postmaster@example.jp recipients=テスt smtpstatus=550 smtpmsg='550 Message rejected' errormsg='the server did not accept the mail' exitcode=EX_UNAVAILABLE
Oct 28 13:05:23 host=mail tls=off auth=off from=postmaster@example.jp recipients=テスと smtpstatus=550 smtpmsg='550 Message rejected' errormsg='the server did not accept the mail' exitcode=EX_UNAVAILABLE
Oct 28 13:06:16 host=mail tls=off auth=off from=postmaster@example.jp recipients=root@example.jp mailsize=1391 smtpstatus=250 smtpmsg='250 Message accepted' exitcode=EX_OK
Oct 28 13:07:18 host=mail tls=off auth=off from=postmaster@example.jp recipients=root@example.jp mailsize=66 smtpstatus=250 smtpmsg='250 Message accepted' exitcode=EX_OK
Oct 29 14:51:55 host=mail tls=off auth=off from=postmaster@example.jp recipients=root@example.jp mailsize=66 smtpstatus=250 smtpmsg='250 Message accepted' exitcode=EX_OK
Oct 29 14:53:23 host=mail tls=off auth=off from=postmaster@example.jp recipients=root@example.jp mailsize=66 smtpstatus=250 smtpmsg='250 Message accepted' exitcode=EX_OK
Oct 29 15:04:39 host=mail tls=off auth=off from=postmaster@example.jp recipients=root@example.jp mailsize=66 smtpstatus=250 smtpmsg='250 Message accepted' exitcode=EX_OK
Oct 29 19:35:19 host=mail tls=off auth=off from=postmaster@example.jp recipients=test@example.com mailsize=407 smtpstatus=250 smtpmsg='250 Message accepted' exitcode=EX_OK
Oct 29 19:37:43 host=mail tls=off auth=off from=postmaster@example.jp recipients=test@example.com,/etc/passwd mailsize=411 smtpstatus=250 smtpmsg='250 Message accepted' exitcode=EX_OK
Oct 29 19:40:40 host=mail tls=off auth=off from=postmaster@example.jp recipients=test@example.com mailsize=410 smtpstatus=250 smtpmsg='250 Message accepted' exitcode=EX_OK
Oct 29 19:52:53 host=mail tls=off auth=off from=postmaster@example.jp recipients=test@example.com,/etc/passwd1 mailsize=410 smtpstatus=250 smtpmsg='250 Message accepted' exitcode=EX_OK
Nov 06 01:44:33 host=mail tls=off auth=off from=postmaster@example.jp recipients=test@example.com mailsize=409 smtpstatus=250 smtpmsg='250 Message accepted' exitcode=EX_OK
Nov 06 10:15:20 host=mail tls=off auth=off from=postmaster@example.jp recipients=test@example.com,/etc/passwd mailsize=403 smtpstatus=250 smtpmsg='250 Message accepted' exitcode=EX_OK
Nov 06 10:16:39 host=mail tls=off auth=off from=postmaster@example.jp recipients=test@example.com mailsize=407 smtpstatus=250 smtpmsg='250 Message accepted' exitcode=EX_OK
Nov 06 10:17:03 host=mail tls=off auth=off from=postmaster@example.jp recipients=test@example.com mailsize=405 smtpstatus=250 smtpmsg='250 Message accepted' exitcode=EX_OK
Nov 06 10:17:16 host=mail tls=off auth=off from=postmaster@example.jp recipients=test@example.com mailsize=410 smtpstatus=250 smtpmsg='250 Message accepted' exitcode=EX_OK
Nov 06 10:17:47 host=mail tls=off auth=off from=postmaster@example.jp recipients=test@example.com mailsize=410 smtpstatus=250 smtpmsg='250 Message accepted' exitcode=EX_OK
Nov 06 10:18:07 host=mail tls=off auth=off from=postmaster@example.jp recipients=test@example.com mailsize=409 smtpstatus=250 smtpmsg='250 Message accepted' exitcode=EX_OK
Nov 06 10:18:30 host=mail tls=off auth=off from=postmaster@example.jp recipients=test@example.com mailsize=409 smtpstatus=250 smtpmsg='250 Message accepted' exitcode=EX_OK
Nov 06 10:20:55 host=mail tls=off auth=off from=postmaster@example.jp recipients=test@example.com mailsize=409 smtpstatus=250 smtpmsg='250 Message accepted' exitcode=EX_OK
Nov 06 10:23:05 host=mail tls=off auth=off from=postmaster@example.jp recipients=test@example.com mailsize=409 smtpstatus=250 smtpmsg='250 Message accepted' exitcode=EX_OK
Nov 06 10:23:21 host=mail tls=off auth=off from=postmaster@example.jp recipients=test@example.com mailsize=409 smtpstatus=250 smtpmsg='250 Message accepted' exitcode=EX_OK
Nov 06 10:34:41 host=mail tls=off auth=off from=postmaster@example.jp recipients=test@example.com”,/etc/passwd” smtpstatus=550 smtpmsg='550 Message rejected' errormsg='the server did not accept the mail' exitcode=EX_UNAVAILABLE
Nov 06 10:34:59 host=mail tls=off auth=off from=postmaster@example.jp recipients=test@example.com”,/etc/passwd” smtpstatus=550 smtpmsg='550 Message rejected' errormsg='the server did not accept the mail' exitcode=EX_UNAVAILABLE
Nov 06 10:35:22 host=mail tls=off auth=off from=postmaster@example.jp recipients=test@example.com”,/etc/passwd” smtpstatus=550 smtpmsg='550 Message rejected' errormsg='the server did not accept the mail' exitcode=EX_UNAVAILABLE
Nov 06 10:35:44 host=mail tls=off auth=off from=postmaster@example.jp recipients=test@example.com mailsize=410 smtpstatus=250 smtpmsg='250 Message accepted' exitcode=EX_OK
Nov 06 10:35:59 host=mail tls=off auth=off from=postmaster@example.jp recipients=test@example.com mailsize=410 smtpstatus=250 smtpmsg='250 Message accepted' exitcode=EX_OK
Nov 12 11:32:34 host=mail tls=off auth=off from=postmaster@example.jp recipients=test@example.com mailsize=396 smtpstatus=250 smtpmsg='250 Message accepted' exitcode=EX_OK
Nov 13 11:07:34 host=mail tls=off auth=off from=postmaster@example.jp recipients=test@example.com,/etc/passwd mailsize=408 smtpstatus=250 smtpmsg='250 Message accepted' exitcode=EX_OK
Nov 13 11:08:15 host=mail tls=off auth=off from=postmaster@example.jp recipients=test@example.com mailsize=409 smtpstatus=250 smtpmsg='250 Message accepted' exitcode=EX_OK
Nov 13 11:08:46 host=mail tls=off auth=off from=postmaster@example.jp recipients=test@example.com mailsize=405 smtpstatus=250 smtpmsg='250 Message accepted' exitcode=EX_OK
Nov 13 11:09:52 host=mail tls=off auth=off from=postmaster@example.jp recipients=test@example.com mailsize=408 smtpstatus=250 smtpmsg='250 Message accepted' exitcode=EX_OK
Nov 13 11:11:18 host=mail tls=off auth=off from=postmaster@example.jp recipients=test@example.com mailsize=405 smtpstatus=250 smtpmsg='250 Message accepted' exitcode=EX_OK
Nov 13 11:12:12 host=mail tls=off auth=off from=postmaster@example.jp recipients=test@example.com mailsize=400 smtpstatus=250 smtpmsg='250 Message accepted' exitcode=EX_OK
Nov 13 11:12:12 host=mail tls=off auth=off from=postmaster@example.jp recipients=test@example.com mailsize=400 smtpstatus=250 smtpmsg='250 Message accepted' exitcode=EX_OK
Nov 14 15:51:47 host=mail tls=off auth=off from=postmaster@example.jp recipients=test@example.com mailsize=409 smtpstatus=250 smtpmsg='250 Message accepted' exitcode=EX_OK
Nov 14 15:51:56 host=mail tls=off auth=off from=postmaster@example.jp recipients=test@example.com mailsize=409 smtpstatus=250 smtpmsg='250 Message accepted' exitcode=EX_OK
Nov 14 15:52:08 host=mail tls=off auth=off from=postmaster@example.jp recipients=test@example.com mailsize=405 smtpstatus=250 smtpmsg='250 Message accepted' exitcode=EX_OK
Nov 14 15:52:44 host=mail tls=off auth=off from=postmaster@example.jp recipients=test@example.com mailsize=405 smtpstatus=250 smtpmsg='250 Message accepted' exitcode=EX_OK
Nov 14 15:53:17 host=mail tls=off auth=off from=postmaster@example.jp recipients=test@example.com mailsize=408 smtpstatus=250 smtpmsg='250 Message accepted' exitcode=EX_OK
Nov 14 15:54:23 host=mail tls=off auth=off from=postmaster@example.jp recipients=test@example.com mailsize=408 smtpstatus=250 smtpmsg='250 Message accepted' exitcode=EX_OK
Nov 14 15:54:37 host=mail tls=off auth=off from=postmaster@example.jp recipients=test@example.com mailsize=404 smtpstatus=250 smtpmsg='250 Message accepted' exitcode=EX_OK
Nov 14 15:55:16 host=mail tls=off auth=off from=postmaster@example.jp recipients=test@example.com mailsize=408 smtpstatus=250 smtpmsg='250 Message accepted' exitcode=EX_OK
Nov 14 16:00:15 host=mail tls=off auth=off from=postmaster@example.jp recipients=test@example.com mailsize=408 smtpstatus=250 smtpmsg='250 Message accepted' exitcode=EX_OK
Nov 14 16:00:40 host=mail tls=off auth=off from=postmaster@example.jp recipients=test@example.com mailsize=413 smtpstatus=250 smtpmsg='250 Message accepted' exitcode=EX_OK
Nov 14 16:03:36 host=mail tls=off auth=off from=postmaster@example.jp recipients=test@example.com mailsize=413 smtpstatus=250 smtpmsg='250 Message accepted' exitcode=EX_OK
Nov 14 16:03:58 host=mail tls=off auth=off from=postmaster@example.jp recipients=/etc/passwd mailsize=444 smtpstatus=250 smtpmsg='250 Message accepted' exitcode=EX_OK
Nov 14 17:57:46 host=mail tls=off auth=off from=postmaster@example.jp recipients=test@example.com mailsize=410 smtpstatus=250 smtpmsg='250 Message accepted' exitcode=EX_OK
Nov 14 18:00:59 host=mail tls=off auth=off from=postmaster@example.jp recipients=est@example.com mailsize=409 smtpstatus=250 smtpmsg='250 Message accepted' exitcode=EX_OK
Nov 14 18:21:51 host=mail tls=off auth=off from=postmaster@example.jp recipients=test@example.com mailsize=409 smtpstatus=250 smtpmsg='250 Message accepted' exitcode=EX_OK
Nov 14 18:23:32 host=mail tls=off auth=off from=postmaster@example.jp recipients=test@example.com mailsize=411 smtpstatus=250 smtpmsg='250 Message accepted' exitcode=EX_OK
Nov 14 18:24:43 host=mail tls=off auth=off from=postmaster@example.jp recipients=test@example.com mailsize=411 smtpstatus=250 smtpmsg='250 Message accepted' exitcode=EX_OK
Nov 15 09:37:59 host=mail tls=off auth=off from=postmaster@example.jp recipients=test@example.jp mailsize=454 smtpstatus=250 smtpmsg='250 Message accepted' exitcode=EX_OK
Nov 15 09:41:32 host=mail tls=off auth=off from=postmaster@example.jp recipients=test@example.com mailsize=396 smtpstatus=250 smtpmsg='250 Message accepted' exitcode=EX_OK
